<?xml version="1.0" encoding="utf-8"?><testsuites name="pytest tests"><testsuite name="pytest" errors="0" failures="0" skipped="0" tests="79" time="49.785" timestamp="2026-04-26T21:05:29.641644+00:00" hostname="agent-env-df05df29-e7b0-44a4-a030-6ac7913e22a1"><testcase classname="backend.tests.test_pulse_crm.TestAuth" name="test_register_duplicate" time="0.519" /><testcase classname="backend.tests.test_pulse_crm.TestAuth" name="test_login_demo" time="0.351" /><testcase classname="backend.tests.test_pulse_crm.TestAuth" name="test_login_invalid" time="0.331" /><testcase classname="backend.tests.test_pulse_crm.TestAuth" name="test_me" time="0.063" /><testcase classname="backend.tests.test_pulse_crm.TestAuth" name="test_protected_no_token" time="0.189" /><testcase classname="backend.tests.test_pulse_crm.TestContacts" name="test_crud" time="0.220" /><testcase classname="backend.tests.test_pulse_crm.TestDeals" name="test_crud_and_stage" time="0.213" /><testcase classname="backend.tests.test_pulse_crm.TestActivities" name="test_crud_and_complete" time="0.167" /><testcase classname="backend.tests.test_pulse_crm.TestEmails" name="test_log_and_list" time="0.103" /><testcase classname="backend.tests.test_pulse_crm.TestDashboard" name="test_stats" time="0.055" /><testcase classname="backend.tests.test_pulse_crm.TestAI" name="test_lead_score" time="4.452" /><testcase classname="backend.tests.test_pulse_crm.TestAI" name="test_draft_email" time="4.728" /><testcase classname="backend.tests.test_pulse_crm.TestAI" name="test_summarize" time="2.939" /><testcase classname="backend.tests.test_pulse_crm.TestAI" name="test_next_best_action" time="6.009" /><testcase classname="backend.tests.test_pulse_round_a.TestCSVImport" name="test_import_csv" time="0.594" /><testcase classname="backend.tests.test_pulse_round_a.TestCSVImport" name="test_import_rejects_non_csv" time="0.110" /><testcase classname="backend.tests.test_pulse_round_a.TestViews" name="test_view_crud" time="0.229" /><testcase classname="backend.tests.test_pulse_round_a.TestTickets" name="test_ticket_full_lifecycle" time="0.292" /><testcase classname="backend.tests.test_pulse_round_a.TestTickets" name="test_unknown_ticket_404" time="0.116" /><testcase classname="backend.tests.test_pulse_round_a.TestPublicTicket" name="test_public_ticket_routes_to_operator" time="0.171" /><testcase classname="backend.tests.test_pulse_round_a.TestPublicTicket" name="test_public_ticket_unknown_workspace_404" time="0.124" /><testcase classname="backend.tests.test_pulse_round_a.TestChannels" name="test_channels_upsert_idempotent" time="0.338" /><testcase classname="backend.tests.test_pulse_round_a.TestAIDealInsight" name="test_deal_insight" time="15.718" /><testcase classname="backend.tests.test_pulse_round_a.TestAIDealInsight" name="test_deal_insight_404" time="0.103" /><testcase classname="backend.tests.test_pulse_round_b.TestAuthPermissions" name="test_register_returns_permissions" time="0.371" /><testcase classname="backend.tests.test_pulse_round_b.TestAuthPermissions" name="test_login_returns_permissions" time="0.664" /><testcase classname="backend.tests.test_pulse_round_b.TestAuthPermissions" name="test_me_returns_permissions" time="0.050" /><testcase classname="backend.tests.test_pulse_round_b.TestPermissions" name="test_list_permissions_has_19" time="0.049" /><testcase classname="backend.tests.test_pulse_round_b.TestRoles" name="test_list_roles_has_4_system" time="0.057" /><testcase classname="backend.tests.test_pulse_round_b.TestRoles" name="test_create_custom_role" time="0.224" /><testcase classname="backend.tests.test_pulse_round_b.TestRoles" name="test_update_system_role_blocked" time="0.047" /><testcase classname="backend.tests.test_pulse_round_b.TestRoles" name="test_delete_system_role_blocked" time="0.048" /><testcase classname="backend.tests.test_pulse_round_b.TestRoles" name="test_delete_role_in_use_blocked" time="0.653" /><testcase classname="backend.tests.test_pulse_round_b.TestUsersManage" name="test_list_users_admin" time="0.048" /><testcase classname="backend.tests.test_pulse_round_b.TestUsersManage" name="test_list_users_viewer_forbidden" time="0.055" /><testcase classname="backend.tests.test_pulse_round_b.TestIntegrations" name="test_get_integrations_default_unconfigured" time="0.053" /><testcase classname="backend.tests.test_pulse_round_b.TestIntegrations" name="test_put_resend_persists_masked_and_encrypted" time="0.110" /><testcase classname="backend.tests.test_pulse_round_b.TestIntegrations" name="test_put_twilio_persists" time="0.100" /><testcase classname="backend.tests.test_pulse_round_b.TestIntegrations" name="test_put_google_persists" time="0.103" /><testcase classname="backend.tests.test_pulse_round_b.TestIntegrations" name="test_put_unknown_provider_400" time="0.051" /><testcase classname="backend.tests.test_pulse_round_b.TestIntegrations" name="test_test_resend_invalid_key_400" time="0.249" /><testcase classname="backend.tests.test_pulse_round_b.TestIntegrations" name="test_test_twilio_invalid_creds_400" time="0.283" /><testcase classname="backend.tests.test_pulse_round_b.TestIntegrations" name="test_test_google_returns_ok" time="0.049" /><testcase classname="backend.tests.test_pulse_round_b.TestIntegrations" name="test_viewer_cannot_put_integrations" time="0.054" /><testcase classname="backend.tests.test_pulse_round_b.TestIntegrations" name="test_delete_integration" time="0.103" /><testcase classname="backend.tests.test_pulse_round_b.TestEmailsSentVia" name="test_email_log_failed_when_resend_fake_key" time="0.172" /><testcase classname="backend.tests.test_pulse_round_b.TestEmailsSentVia" name="test_email_log_when_no_resend_config" time="0.414" /><testcase classname="backend.tests.test_pulse_round_b.TestTwilioChannels" name="test_whatsapp_send_no_config_400" time="0.427" /><testcase classname="backend.tests.test_pulse_round_b.TestTwilioChannels" name="test_voice_call_no_config_400" time="0.396" /><testcase classname="backend.tests.test_pulse_round_b.TestTwilioChannels" name="test_whatsapp_send_with_fake_twilio_500" time="0.153" /><testcase classname="backend.tests.test_pulse_round_b.TestTwilioChannels" name="test_voice_call_with_fake_twilio_500" time="0.146" /><testcase classname="backend.tests.test_pulse_round_b.TestWebhooks" name="test_resend_opened_flips_email" time="0.336" /><testcase classname="backend.tests.test_pulse_round_b.TestWebhooks" name="test_whatsapp_inbound_creates_ticket" time="0.252" /><testcase classname="backend.tests.test_pulse_round_b.TestWebhooks" name="test_voice_callback_updates_call" time="0.170" /><testcase classname="backend.tests.test_pulse_round_b_phase2.TestInvitations" name="test_create_invite_returns_token_and_url" time="0.383" /><testcase classname="backend.tests.test_pulse_round_b_phase2.TestInvitations" name="test_create_duplicate_email_400" time="0.052" /><testcase classname="backend.tests.test_pulse_round_b_phase2.TestInvitations" name="test_check_unknown_token_404" time="0.143" /><testcase classname="backend.tests.test_pulse_round_b_phase2.TestInvitations" name="test_check_valid_token_returns_email_role" time="0.201" /><testcase classname="backend.tests.test_pulse_round_b_phase2.TestInvitations" name="test_accept_creates_user_with_role" time="0.394" /><testcase classname="backend.tests.test_pulse_round_b_phase2.TestLastAdminGuard" name="test_demoting_last_admin_blocked_then_succeeds_with_two" time="0.722" /><testcase classname="backend.tests.test_pulse_round_b_phase2.TestLastAdminGuard" name="test_promote_then_demote_succeeds" time="0.458" /><testcase classname="backend.tests.test_pulse_round_b_phase2.TestHelpdeskConfig" name="test_get_returns_defaults" time="0.051" /><testcase classname="backend.tests.test_pulse_round_b_phase2.TestHelpdeskConfig" name="test_put_persists_assignment_round_robin" time="0.108" /><testcase classname="backend.tests.test_pulse_round_b_phase2.TestHelpdeskConfig" name="test_put_persists_sla_edits" time="0.094" /><testcase classname="backend.tests.test_pulse_round_b_phase2.TestTicketFields" name="test_create_text_field" time="0.053" /><testcase classname="backend.tests.test_pulse_round_b_phase2.TestTicketFields" name="test_create_select_field_with_options" time="0.050" /><testcase classname="backend.tests.test_pulse_round_b_phase2.TestTicketFields" name="test_create_other_types" time="0.165" /><testcase classname="backend.tests.test_pulse_round_b_phase2.TestTicketFields" name="test_delete_field" time="0.156" /><testcase classname="backend.tests.test_pulse_round_b_phase2.TestCanned" name="test_create_list_delete" time="0.154" /><testcase classname="backend.tests.test_pulse_round_b_phase2.TestGroups" name="test_create_delete" time="0.155" /><testcase classname="backend.tests.test_pulse_round_b_phase2.TestSLAOnCreate" name="test_high_priority_first_response_due_60min" time="0.105" /><testcase classname="backend.tests.test_pulse_round_b_phase2.TestAutoAssignment" name="test_round_robin_alternates" time="1.065" /><testcase classname="backend.tests.test_pulse_round_b_phase2.TestAutoAssignment" name="test_load_balanced_picks_least_loaded" time="0.164" /><testcase classname="backend.tests.test_pulse_round_b_phase2.TestAutoAssignment" name="test_channel_routing" time="0.158" /><testcase classname="backend.tests.test_pulse_round_b_phase2.TestTicketAssign" name="test_assign_updates_assignee_and_group" time="0.252" /><testcase classname="backend.tests.test_pulse_round_b_phase2.TestTicketComments" name="test_internal_does_not_set_first_responded" time="0.150" /><testcase classname="backend.tests.test_pulse_round_b_phase2.TestTicketComments" name="test_public_first_time_sets_first_responded" time="0.102" /><testcase classname="backend.tests.test_pulse_round_b_phase2.TestTicketComments" name="test_resolved_status_sets_resolved_at" time="0.098" /><testcase classname="backend.tests.test_pulse_round_b_phase2.TestTicketInExtras" name="test_create_ticket_with_custom_and_assignee" time="0.095" /></testsuite></testsuites>