<?xml version="1.0" encoding="utf-8"?><testsuites name="pytest tests"><testsuite name="pytest" errors="0" failures="1" skipped="0" tests="54" time="44.301" timestamp="2026-04-26T20:37:21.485926+00:00" hostname="agent-env-df05df29-e7b0-44a4-a030-6ac7913e22a1"><testcase classname="backend.tests.test_pulse_round_b.TestAuthPermissions" name="test_register_returns_permissions" time="0.430" /><testcase classname="backend.tests.test_pulse_round_b.TestAuthPermissions" name="test_login_returns_permissions" time="0.613" /><testcase classname="backend.tests.test_pulse_round_b.TestAuthPermissions" name="test_me_returns_permissions" time="0.053" /><testcase classname="backend.tests.test_pulse_round_b.TestPermissions" name="test_list_permissions_has_19" time="0.056" /><testcase classname="backend.tests.test_pulse_round_b.TestRoles" name="test_list_roles_has_4_system" time="0.049" /><testcase classname="backend.tests.test_pulse_round_b.TestRoles" name="test_create_custom_role" time="0.157" /><testcase classname="backend.tests.test_pulse_round_b.TestRoles" name="test_update_system_role_blocked" time="0.051" /><testcase classname="backend.tests.test_pulse_round_b.TestRoles" name="test_delete_system_role_blocked" time="0.048" /><testcase classname="backend.tests.test_pulse_round_b.TestRoles" name="test_delete_role_in_use_blocked" time="0.643" /><testcase classname="backend.tests.test_pulse_round_b.TestUsersManage" name="test_list_users_admin" time="0.050" /><testcase classname="backend.tests.test_pulse_round_b.TestUsersManage" name="test_list_users_viewer_forbidden" time="0.053" /><testcase classname="backend.tests.test_pulse_round_b.TestIntegrations" name="test_get_integrations_default_unconfigured" time="0.047" /><testcase classname="backend.tests.test_pulse_round_b.TestIntegrations" name="test_put_resend_persists_masked_and_encrypted" time="0.108" /><testcase classname="backend.tests.test_pulse_round_b.TestIntegrations" name="test_put_twilio_persists" time="0.102" /><testcase classname="backend.tests.test_pulse_round_b.TestIntegrations" name="test_put_google_persists" time="0.096" /><testcase classname="backend.tests.test_pulse_round_b.TestIntegrations" name="test_put_unknown_provider_400" time="0.047" /><testcase classname="backend.tests.test_pulse_round_b.TestIntegrations" name="test_test_resend_invalid_key_400" time="0.372" /><testcase classname="backend.tests.test_pulse_round_b.TestIntegrations" name="test_test_twilio_invalid_creds_400" time="0.201" /><testcase classname="backend.tests.test_pulse_round_b.TestIntegrations" name="test_test_google_returns_ok" time="0.049" /><testcase classname="backend.tests.test_pulse_round_b.TestIntegrations" name="test_viewer_cannot_put_integrations" time="0.049" /><testcase classname="backend.tests.test_pulse_round_b.TestIntegrations" name="test_delete_integration" time="0.100" /><testcase classname="backend.tests.test_pulse_round_b.TestEmailsSentVia" name="test_email_log_failed_when_resend_fake_key" time="0.171" /><testcase classname="backend.tests.test_pulse_round_b.TestEmailsSentVia" name="test_email_log_when_no_resend_config" time="0.393" /><testcase classname="backend.tests.test_pulse_round_b.TestTwilioChannels" name="test_whatsapp_send_no_config_400" time="0.388" /><testcase classname="backend.tests.test_pulse_round_b.TestTwilioChannels" name="test_voice_call_no_config_400" time="0.431" /><testcase classname="backend.tests.test_pulse_round_b.TestTwilioChannels" name="test_whatsapp_send_with_fake_twilio_500" time="0.166" /><testcase classname="backend.tests.test_pulse_round_b.TestTwilioChannels" name="test_voice_call_with_fake_twilio_500" time="0.158" /><testcase classname="backend.tests.test_pulse_round_b.TestWebhooks" name="test_resend_opened_flips_email" time="0.352" /><testcase classname="backend.tests.test_pulse_round_b.TestWebhooks" name="test_whatsapp_inbound_creates_ticket" time="0.215" /><testcase classname="backend.tests.test_pulse_round_b.TestWebhooks" name="test_voice_callback_updates_call" time="0.173"><failure message="AssertionError: assert ([{'direction': 'outbound', 'from': '+1666', 'id': '36320cea-c33c-4bca-8e52-0a79203d4f2b', 'initiated_at': 'now', ...}] and 'queued' == 'completed'&#10;  &#10;  - completed&#10;  + queued)">backend/tests/test_pulse_round_b.py:409: in test_voice_callback_updates_call
    assert match and match[0]["status"] == "completed"
E   AssertionError: assert ([{'direction': 'outbound', 'from': '+1666', 'id': '36320cea-c33c-4bca-8e52-0a79203d4f2b', 'initiated_at': 'now', ...}] and 'queued' == 'completed'
E     
E     - completed
E     + queued)</failure></testcase><testcase classname="backend.tests.test_pulse_round_a.TestCSVImport" name="test_import_csv" time="0.526" /><testcase classname="backend.tests.test_pulse_round_a.TestCSVImport" name="test_import_rejects_non_csv" time="0.112" /><testcase classname="backend.tests.test_pulse_round_a.TestViews" name="test_view_crud" time="0.235" /><testcase classname="backend.tests.test_pulse_round_a.TestTickets" name="test_ticket_full_lifecycle" time="0.290" /><testcase classname="backend.tests.test_pulse_round_a.TestTickets" name="test_unknown_ticket_404" time="0.114" /><testcase classname="backend.tests.test_pulse_round_a.TestPublicTicket" name="test_public_ticket_routes_to_operator" time="0.174" /><testcase classname="backend.tests.test_pulse_round_a.TestPublicTicket" name="test_public_ticket_unknown_workspace_404" time="0.152" /><testcase classname="backend.tests.test_pulse_round_a.TestChannels" name="test_channels_upsert_idempotent" time="0.366" /><testcase classname="backend.tests.test_pulse_round_a.TestAIDealInsight" name="test_deal_insight" time="15.004" /><testcase classname="backend.tests.test_pulse_round_a.TestAIDealInsight" name="test_deal_insight_404" time="0.064" /><testcase classname="backend.tests.test_pulse_crm.TestAuth" name="test_register_duplicate" time="0.510" /><testcase classname="backend.tests.test_pulse_crm.TestAuth" name="test_login_demo" time="0.336" /><testcase classname="backend.tests.test_pulse_crm.TestAuth" name="test_login_invalid" time="0.339" /><testcase classname="backend.tests.test_pulse_crm.TestAuth" name="test_me" time="0.052" /><testcase classname="backend.tests.test_pulse_crm.TestAuth" name="test_protected_no_token" time="0.111" /><testcase classname="backend.tests.test_pulse_crm.TestContacts" name="test_crud" time="1.294" /><testcase classname="backend.tests.test_pulse_crm.TestDeals" name="test_crud_and_stage" time="0.198" /><testcase classname="backend.tests.test_pulse_crm.TestActivities" name="test_crud_and_complete" time="0.159" /><testcase classname="backend.tests.test_pulse_crm.TestEmails" name="test_log_and_list" time="0.145" /><testcase classname="backend.tests.test_pulse_crm.TestDashboard" name="test_stats" time="0.051" /><testcase classname="backend.tests.test_pulse_crm.TestAI" name="test_lead_score" time="3.664" /><testcase classname="backend.tests.test_pulse_crm.TestAI" name="test_draft_email" time="4.838" /><testcase classname="backend.tests.test_pulse_crm.TestAI" name="test_summarize" time="4.903" /><testcase classname="backend.tests.test_pulse_crm.TestAI" name="test_next_best_action" time="4.590" /></testsuite></testsuites>