<?xml version="1.0" encoding="utf-8"?><testsuites name="pytest tests"><testsuite name="pytest" errors="0" failures="0" skipped="0" tests="14" time="23.385" timestamp="2026-04-26T18:52:59.610291+00:00" hostname="agent-env-df05df29-e7b0-44a4-a030-6ac7913e22a1"><testcase classname="backend.tests.test_pulse_crm.TestAuth" name="test_register_duplicate" time="0.607" /><testcase classname="backend.tests.test_pulse_crm.TestAuth" name="test_login_demo" time="0.344" /><testcase classname="backend.tests.test_pulse_crm.TestAuth" name="test_login_invalid" time="0.388" /><testcase classname="backend.tests.test_pulse_crm.TestAuth" name="test_me" time="0.054" /><testcase classname="backend.tests.test_pulse_crm.TestAuth" name="test_protected_no_token" time="0.178" /><testcase classname="backend.tests.test_pulse_crm.TestContacts" name="test_crud" time="0.227" /><testcase classname="backend.tests.test_pulse_crm.TestDeals" name="test_crud_and_stage" time="0.227" /><testcase classname="backend.tests.test_pulse_crm.TestActivities" name="test_crud_and_complete" time="0.167" /><testcase classname="backend.tests.test_pulse_crm.TestEmails" name="test_log_and_list" time="0.132" /><testcase classname="backend.tests.test_pulse_crm.TestDashboard" name="test_stats" time="0.053" /><testcase classname="backend.tests.test_pulse_crm.TestAI" name="test_lead_score" time="4.408" /><testcase classname="backend.tests.test_pulse_crm.TestAI" name="test_draft_email" time="4.458" /><testcase classname="backend.tests.test_pulse_crm.TestAI" name="test_summarize" time="2.777" /><testcase classname="backend.tests.test_pulse_crm.TestAI" name="test_next_best_action" time="9.246" /></testsuite></testsuites>