<?xml version="1.0" encoding="utf-8"?><testsuites name="pytest tests"><testsuite name="pytest" errors="0" failures="0" skipped="0" tests="30" time="5.928" timestamp="2026-04-26T20:38:30.334516+00:00" hostname="agent-env-df05df29-e7b0-44a4-a030-6ac7913e22a1"><testcase classname="backend.tests.test_pulse_round_b.TestAuthPermissions" name="test_register_returns_permissions" time="0.395" /><testcase classname="backend.tests.test_pulse_round_b.TestAuthPermissions" name="test_login_returns_permissions" time="0.608" /><testcase classname="backend.tests.test_pulse_round_b.TestAuthPermissions" name="test_me_returns_permissions" time="0.054" /><testcase classname="backend.tests.test_pulse_round_b.TestPermissions" name="test_list_permissions_has_19" time="0.055" /><testcase classname="backend.tests.test_pulse_round_b.TestRoles" name="test_list_roles_has_4_system" time="0.051" /><testcase classname="backend.tests.test_pulse_round_b.TestRoles" name="test_create_custom_role" time="0.154" /><testcase classname="backend.tests.test_pulse_round_b.TestRoles" name="test_update_system_role_blocked" time="0.051" /><testcase classname="backend.tests.test_pulse_round_b.TestRoles" name="test_delete_system_role_blocked" time="0.052" /><testcase classname="backend.tests.test_pulse_round_b.TestRoles" name="test_delete_role_in_use_blocked" time="0.649" /><testcase classname="backend.tests.test_pulse_round_b.TestUsersManage" name="test_list_users_admin" time="0.054" /><testcase classname="backend.tests.test_pulse_round_b.TestUsersManage" name="test_list_users_viewer_forbidden" time="0.052" /><testcase classname="backend.tests.test_pulse_round_b.TestIntegrations" name="test_get_integrations_default_unconfigured" time="0.046" /><testcase classname="backend.tests.test_pulse_round_b.TestIntegrations" name="test_put_resend_persists_masked_and_encrypted" time="0.111" /><testcase classname="backend.tests.test_pulse_round_b.TestIntegrations" name="test_put_twilio_persists" time="0.101" /><testcase classname="backend.tests.test_pulse_round_b.TestIntegrations" name="test_put_google_persists" time="0.110" /><testcase classname="backend.tests.test_pulse_round_b.TestIntegrations" name="test_put_unknown_provider_400" time="0.050" /><testcase classname="backend.tests.test_pulse_round_b.TestIntegrations" name="test_test_resend_invalid_key_400" time="0.271" /><testcase classname="backend.tests.test_pulse_round_b.TestIntegrations" name="test_test_twilio_invalid_creds_400" time="0.246" /><testcase classname="backend.tests.test_pulse_round_b.TestIntegrations" name="test_test_google_returns_ok" time="0.052" /><testcase classname="backend.tests.test_pulse_round_b.TestIntegrations" name="test_viewer_cannot_put_integrations" time="0.047" /><testcase classname="backend.tests.test_pulse_round_b.TestIntegrations" name="test_delete_integration" time="0.100" /><testcase classname="backend.tests.test_pulse_round_b.TestEmailsSentVia" name="test_email_log_failed_when_resend_fake_key" time="0.166" /><testcase classname="backend.tests.test_pulse_round_b.TestEmailsSentVia" name="test_email_log_when_no_resend_config" time="0.404" /><testcase classname="backend.tests.test_pulse_round_b.TestTwilioChannels" name="test_whatsapp_send_no_config_400" time="0.389" /><testcase classname="backend.tests.test_pulse_round_b.TestTwilioChannels" name="test_voice_call_no_config_400" time="0.398" /><testcase classname="backend.tests.test_pulse_round_b.TestTwilioChannels" name="test_whatsapp_send_with_fake_twilio_500" time="0.146" /><testcase classname="backend.tests.test_pulse_round_b.TestTwilioChannels" name="test_voice_call_with_fake_twilio_500" time="0.144" /><testcase classname="backend.tests.test_pulse_round_b.TestWebhooks" name="test_resend_opened_flips_email" time="0.343" /><testcase classname="backend.tests.test_pulse_round_b.TestWebhooks" name="test_whatsapp_inbound_creates_ticket" time="0.267" /><testcase classname="backend.tests.test_pulse_round_b.TestWebhooks" name="test_voice_callback_updates_call" time="0.168" /></testsuite></testsuites>