<?xml version="1.0" encoding="utf-8"?><testsuites name="pytest tests"><testsuite name="pytest" errors="0" failures="0" skipped="0" tests="25" time="5.823" timestamp="2026-04-26T21:04:05.007324+00:00" hostname="agent-env-df05df29-e7b0-44a4-a030-6ac7913e22a1"><testcase classname="backend.tests.test_pulse_round_b_phase2.TestInvitations" name="test_create_invite_returns_token_and_url" time="0.550" /><testcase classname="backend.tests.test_pulse_round_b_phase2.TestInvitations" name="test_create_duplicate_email_400" time="0.052" /><testcase classname="backend.tests.test_pulse_round_b_phase2.TestInvitations" name="test_check_unknown_token_404" time="0.116" /><testcase classname="backend.tests.test_pulse_round_b_phase2.TestInvitations" name="test_check_valid_token_returns_email_role" time="0.190" /><testcase classname="backend.tests.test_pulse_round_b_phase2.TestInvitations" name="test_accept_creates_user_with_role" time="0.390" /><testcase classname="backend.tests.test_pulse_round_b_phase2.TestLastAdminGuard" name="test_demoting_last_admin_blocked_then_succeeds_with_two" time="0.758" /><testcase classname="backend.tests.test_pulse_round_b_phase2.TestLastAdminGuard" name="test_promote_then_demote_succeeds" time="0.458" /><testcase classname="backend.tests.test_pulse_round_b_phase2.TestHelpdeskConfig" name="test_get_returns_defaults" time="0.051" /><testcase classname="backend.tests.test_pulse_round_b_phase2.TestHelpdeskConfig" name="test_put_persists_assignment_round_robin" time="0.109" /><testcase classname="backend.tests.test_pulse_round_b_phase2.TestHelpdeskConfig" name="test_put_persists_sla_edits" time="0.097" /><testcase classname="backend.tests.test_pulse_round_b_phase2.TestTicketFields" name="test_create_text_field" time="0.053" /><testcase classname="backend.tests.test_pulse_round_b_phase2.TestTicketFields" name="test_create_select_field_with_options" time="0.050" /><testcase classname="backend.tests.test_pulse_round_b_phase2.TestTicketFields" name="test_create_other_types" time="0.161" /><testcase classname="backend.tests.test_pulse_round_b_phase2.TestTicketFields" name="test_delete_field" time="0.174" /><testcase classname="backend.tests.test_pulse_round_b_phase2.TestCanned" name="test_create_list_delete" time="0.172" /><testcase classname="backend.tests.test_pulse_round_b_phase2.TestGroups" name="test_create_delete" time="0.175" /><testcase classname="backend.tests.test_pulse_round_b_phase2.TestSLAOnCreate" name="test_high_priority_first_response_due_60min" time="0.109" /><testcase classname="backend.tests.test_pulse_round_b_phase2.TestAutoAssignment" name="test_round_robin_alternates" time="1.094" /><testcase classname="backend.tests.test_pulse_round_b_phase2.TestAutoAssignment" name="test_load_balanced_picks_least_loaded" time="0.107" /><testcase classname="backend.tests.test_pulse_round_b_phase2.TestAutoAssignment" name="test_channel_routing" time="0.159" /><testcase classname="backend.tests.test_pulse_round_b_phase2.TestTicketAssign" name="test_assign_updates_assignee_and_group" time="0.214" /><testcase classname="backend.tests.test_pulse_round_b_phase2.TestTicketComments" name="test_internal_does_not_set_first_responded" time="0.157" /><testcase classname="backend.tests.test_pulse_round_b_phase2.TestTicketComments" name="test_public_first_time_sets_first_responded" time="0.099" /><testcase classname="backend.tests.test_pulse_round_b_phase2.TestTicketComments" name="test_resolved_status_sets_resolved_at" time="0.109" /><testcase classname="backend.tests.test_pulse_round_b_phase2.TestTicketInExtras" name="test_create_ticket_with_custom_and_assignee" time="0.102" /></testsuite></testsuites>