<?xml version="1.0" encoding="utf-8"?><testsuites name="pytest tests"><testsuite name="pytest" errors="0" failures="0" skipped="0" tests="10" time="16.443" timestamp="2026-04-26T20:16:35.435535+00:00" hostname="agent-env-df05df29-e7b0-44a4-a030-6ac7913e22a1"><testcase classname="backend.tests.test_pulse_round_a.TestCSVImport" name="test_import_csv" time="0.659" /><testcase classname="backend.tests.test_pulse_round_a.TestCSVImport" name="test_import_rejects_non_csv" time="0.131" /><testcase classname="backend.tests.test_pulse_round_a.TestViews" name="test_view_crud" time="0.208" /><testcase classname="backend.tests.test_pulse_round_a.TestTickets" name="test_ticket_full_lifecycle" time="0.264" /><testcase classname="backend.tests.test_pulse_round_a.TestTickets" name="test_unknown_ticket_404" time="0.102" /><testcase classname="backend.tests.test_pulse_round_a.TestPublicTicket" name="test_public_ticket_routes_to_operator" time="0.174" /><testcase classname="backend.tests.test_pulse_round_a.TestPublicTicket" name="test_public_ticket_unknown_workspace_404" time="0.222" /><testcase classname="backend.tests.test_pulse_round_a.TestChannels" name="test_channels_upsert_idempotent" time="0.421" /><testcase classname="backend.tests.test_pulse_round_a.TestAIDealInsight" name="test_deal_insight" time="14.101" /><testcase classname="backend.tests.test_pulse_round_a.TestAIDealInsight" name="test_deal_insight_404" time="0.059" /></testsuite></testsuites>