<?xml version="1.0" encoding="utf-8"?><testsuites name="pytest tests"><testsuite name="pytest" errors="0" failures="0" skipped="0" tests="36" time="60.291" timestamp="2026-09-05T20:58:57.363550+00:00" hostname="agent-env-0f2df55e-11eb-4418-ae96-ac3c0f9a9472"><testcase classname="backend.tests.test_telephony_voice.TestSettings" name="test_get_defaults" time="16.217" /><testcase classname="backend.tests.test_telephony_voice.TestSettings" name="test_reset_to_none_first" time="0.314" /><testcase classname="backend.tests.test_telephony_voice.TestSettings" name="test_save_twilio_creds_and_masking" time="0.184" /><testcase classname="backend.tests.test_telephony_voice.TestSettings" name="test_resave_with_masked_keeps_secret" time="0.381" /><testcase classname="backend.tests.test_telephony_voice.TestSettings" name="test_settings_test_fake_twilio_400" time="0.552" /><testcase classname="backend.tests.test_telephony_voice.TestSettings" name="test_voice_token_ok" time="0.169" /><testcase classname="backend.tests.test_telephony_voice.TestSettings" name="test_voice_token_provider_none" time="0.514" /><testcase classname="backend.tests.test_telephony_voice.TestSettings" name="test_settings_test_provider_none" time="0.525" /><testcase classname="backend.tests.test_telephony_voice.TestDial" name="test_dial_provider_none" time="0.522" /><testcase classname="backend.tests.test_telephony_voice.TestDial" name="test_dial_invalid_number" time="0.177" /><testcase classname="backend.tests.test_telephony_voice.TestDial" name="test_dial_fake_twilio_records_failed" time="1.517" /><testcase classname="backend.tests.test_telephony_voice.TestTwilioWebhooks" name="test_inbound" time="1.083" /><testcase classname="backend.tests.test_telephony_voice.TestTwilioWebhooks" name="test_next_greeting" time="0.258" /><testcase classname="backend.tests.test_telephony_voice.TestTwilioWebhooks" name="test_gather_valid_digit_dial" time="0.265" /><testcase classname="backend.tests.test_telephony_voice.TestTwilioWebhooks" name="test_gather_invalid_digit_retry" time="0.185" /><testcase classname="backend.tests.test_telephony_voice.TestTwilioWebhooks" name="test_dial_result_voicemail" time="0.205" /><testcase classname="backend.tests.test_telephony_voice.TestTwilioWebhooks" name="test_status_completed" time="0.205" /><testcase classname="backend.tests.test_telephony_voice.TestTwilioWebhooks" name="test_recording" time="0.194" /><testcase classname="backend.tests.test_telephony_voice.TestTwilioWebhooks" name="test_call_row_final" time="0.161" /><testcase classname="backend.tests.test_telephony_voice.TestTwilioWebhooks" name="test_client_webhook_softphone" time="0.682" /><testcase classname="backend.tests.test_telephony_voice.TestSignatureEnforcement" name="test_twilio_403_without_signature" time="0.541" /><testcase classname="backend.tests.test_telephony_voice.TestSignatureEnforcement" name="test_wrong_provider_webhook_404" time="0.145" /><testcase classname="backend.tests.test_telephony_voice.TestPlivo" name="test_answer" time="0.431" /><testcase classname="backend.tests.test_telephony_voice.TestPlivo" name="test_input_fallback" time="0.177" /><testcase classname="backend.tests.test_telephony_voice.TestPlivo" name="test_hangup" time="0.644" /><testcase classname="backend.tests.test_telephony_voice.TestTelnyx" name="test_call_initiated" time="0.384" /><testcase classname="backend.tests.test_telephony_voice.TestTelnyx" name="test_call_initiated_duplicate" time="0.168" /><testcase classname="backend.tests.test_telephony_voice.TestTelnyx" name="test_call_answered" time="15.252" /><testcase classname="backend.tests.test_telephony_voice.TestTelnyx" name="test_call_hangup" time="0.735" /><testcase classname="backend.tests.test_telephony_voice.TestOverview" name="test_overview_fields" time="0.422" /><testcase classname="backend.tests.test_telephony_voice.TestOverview" name="test_live_calls" time="0.174" /><testcase classname="backend.tests.test_telephony_voice.TestOverview" name="test_hangup_existing_call" time="15.912" /><testcase classname="backend.tests.test_telephony_voice.TestSimulator" name="test_simulate_inbound" time="0.170" /><testcase classname="backend.tests.test_telephony_voice.TestSimulator" name="test_flows_crud" time="0.207" /><testcase classname="backend.tests.test_telephony_voice.TestSimulator" name="test_queues_crud" time="0.178" /><testcase classname="backend.tests.test_telephony_voice.TestDocs" name="test_telephony_setup_md" time="0.194" /></testsuite></testsuites>